TN:
SF:index.js
FN:12,(anonymous_0)
FN:19,capDir
FN:28,cap
FN:43,time
FNF:4
FNH:4
FNDA:2,(anonymous_0)
FNDA:2,capDir
FNDA:4,cap
FNDA:2,time
DA:1,1
DA:2,1
DA:12,1
DA:20,2
DA:21,2
DA:22,2
DA:23,2
DA:25,2
DA:29,4
DA:32,2
DA:33,2
DA:44,2
DA:47,2
DA:49,2
DA:50,2
DA:53,2
DA:55,2
DA:56,2
DA:61,2
DA:63,2
DA:65,2
DA:66,0
DA:71,2
DA:73,2
DA:75,2
DA:76,0
DA:80,2
DA:82,2
DA:86,2
DA:88,1
DA:89,1
DA:91,0
DA:92,0
DA:95,2
LF:34
LH:30
BRDA:16,0,0,1
BRDA:17,1,0,2
BRDA:32,2,0,2
BRDA:32,2,1,0
BRDA:49,3,0,2
BRDA:49,3,1,0
BRDA:55,4,0,2
BRDA:55,4,1,0
BRDA:65,5,0,0
BRDA:65,5,1,2
BRDA:75,6,0,0
BRDA:75,6,1,2
BRDA:86,7,0,1
BRDA:86,7,1,0
BRF:14
BRH:8
end_of_record
