TN:
SF:index.js
FN:12,(anonymous_0)
FN:19,capDir
FN:28,cap
FN:43,time
FNF:4
FNH:4
FNDA:3,(anonymous_0)
FNDA:3,capDir
FNDA:6,cap
FNDA:3,time
DA:1,1
DA:2,1
DA:12,1
DA:20,3
DA:21,3
DA:22,3
DA:23,3
DA:25,3
DA:29,6
DA:32,3
DA:33,3
DA:44,3
DA:47,3
DA:49,3
DA:50,3
DA:53,3
DA:55,3
DA:56,3
DA:61,3
DA:63,3
DA:65,3
DA:66,0
DA:71,3
DA:73,3
DA:75,3
DA:76,0
DA:80,3
DA:82,3
DA:86,3
DA:88,1
DA:89,1
DA:91,1
DA:92,1
DA:95,3
LF:34
LH:32
BRDA:16,0,0,1
BRDA:17,1,0,3
BRDA:32,2,0,3
BRDA:32,2,1,0
BRDA:49,3,0,3
BRDA:49,3,1,0
BRDA:55,4,0,3
BRDA:55,4,1,0
BRDA:65,5,0,0
BRDA:65,5,1,3
BRDA:75,6,0,0
BRDA:75,6,1,3
BRDA:86,7,0,1
BRDA:86,7,1,1
BRF:14
BRH:9
end_of_record
